<?xml version="1.0" encoding="UTF-8"?>
<!-- Generated by org.testng.reporters.JUnitReportReporter -->
<testsuite skipped="0" hostname="683ceed5eb13" name="com.gSTAX.Tests.Tricentis2" tests="9" failures="0" timestamp="2021-10-26T17:20:23 GMT" time="316.389" errors="0">
  <testcase name="WebsiteTest2" time="37.647" classname="com.gSTAX.Tests.Tricentis2"/>
  <system-out/>
  <testcase name="WebsiteTest2" time="36.674" classname="com.gSTAX.Tests.Tricentis2"/>
  <system-out/>
  <testcase name="WebsiteTest2" time="33.663" classname="com.gSTAX.Tests.Tricentis2"/>
  <system-out/>
  <testcase name="WebsiteTest2" time="37.481" classname="com.gSTAX.Tests.Tricentis2"/>
  <system-out/>
  <testcase name="WebsiteTest2" time="33.866" classname="com.gSTAX.Tests.Tricentis2"/>
  <system-out/>
  <testcase name="WebsiteTest2" time="33.889" classname="com.gSTAX.Tests.Tricentis2"/>
  <system-out/>
  <testcase name="WebsiteTest2" time="34.183" classname="com.gSTAX.Tests.Tricentis2"/>
  <system-out/>
  <testcase name="WebsiteTest2" time="34.024" classname="com.gSTAX.Tests.Tricentis2"/>
  <system-out/>
  <testcase name="WebsiteTest2" time="34.962" classname="com.gSTAX.Tests.Tricentis2"/>
  <system-out/>
</testsuite> <!-- com.gSTAX.Tests.Tricentis2 -->
