<?xml version="1.0" encoding="UTF-8"?>
<!-- Generated by org.testng.reporters.JUnitReportReporter -->
<testsuite skipped="0" hostname="683ceed5eb13" name="com.gSTAX.Tests.Tricentis" tests="1" failures="0" timestamp="2021-10-26T17:20:23 GMT" time="35.844" errors="0">
  <testcase name="WebsiteTest1" time="35.844" classname="com.gSTAX.Tests.Tricentis"/>
  <system-out/>
</testsuite> <!-- com.gSTAX.Tests.Tricentis -->
